[debug] [2025-02-16T00:37:09.781Z] ----------------------------------------------------------------------
[debug] [2025-02-16T00:37:09.787Z] Command:       C:\Program Files\nodejs\node.exe C:\Program Files\nodejs\node_modules\firebase-tools\lib\bin\firebase.js init hosting
[debug] [2025-02-16T00:37:09.788Z] CLI Version:   13.31.1
[debug] [2025-02-16T00:37:09.788Z] Platform:      win32
[debug] [2025-02-16T00:37:09.788Z] Node Version:  v20.15.0
[debug] [2025-02-16T00:37:09.788Z] Time:          Sun Feb 16 2025 06:07:09 GMT+0530 (India Standard Time)
[debug] [2025-02-16T00:37:09.788Z] ----------------------------------------------------------------------
[debug] 
[debug] [2025-02-16T00:37:10.023Z] > command requires scopes: ["email","openid","https://www.googleapis.com/auth/cloudplatformprojects.readonly","https://www.googleapis.com/auth/firebase","https://www.googleapis.com/auth/cloud-platform"]
[debug] [2025-02-16T00:37:10.024Z] > authorizing via signed-in user (manojadhikari2003@gmail.com)
[info] 
     ######## #### ########  ######## ########     ###     ######  ########
     ##        ##  ##     ## ##       ##     ##  ##   ##  ##       ##
     ######    ##  ########  ######   ########  #########  ######  ######
     ##        ##  ##    ##  ##       ##     ## ##     ##       ## ##
     ##       #### ##     ## ######## ########  ##     ##  ######  ########

You're about to initialize a Firebase project in this directory:

  C:\Users\LENOVO\proz

Before we get started, keep in mind:

  * You are initializing within an existing Firebase project directory

